Sun Feb 19 2017 11:33:21 GMT+0000 (GMT Standard Time): GET /
Sun Feb 19 2017 11:33:21 GMT+0000 (GMT Standard Time): GET /favicon.ico
Sun Feb 19 2017 11:33:24 GMT+0000 (GMT Standard Time): GET /projects
Sun Feb 19 2017 11:33:25 GMT+0000 (GMT Standard Time): GET /about
Sun Feb 19 2017 11:33:27 GMT+0000 (GMT Standard Time): GET /
Sun Feb 19 2017 11:33:28 GMT+0000 (GMT Standard Time): GET /about
Sun Feb 19 2017 11:33:28 GMT+0000 (GMT Standard Time): GET /projects
Sun Feb 19 2017 11:33:52 GMT+0000 (GMT Standard Time): GET /
Sun Feb 19 2017 11:36:53 GMT+0000 (GMT Standard Time): GET /
Sun Feb 19 2017 11:36:58 GMT+0000 (GMT Standard Time): GET /postcode?postcode=ewr
Sun Feb 19 2017 11:37:07 GMT+0000 (GMT Standard Time): GET /postcode?postcode=ewr
Sun Feb 19 2017 11:39:21 GMT+0000 (GMT Standard Time): GET /bad
Sun Feb 19 2017 11:40:44 GMT+0000 (GMT Standard Time): GET /postcode?postcode=ewr
Sun Feb 19 2017 11:41:21 GMT+0000 (GMT Standard Time): GET /projects
Sun Feb 19 2017 11:41:21 GMT+0000 (GMT Standard Time): GET /favicon.ico
Sun Feb 19 2017 11:41:50 GMT+0000 (GMT Standard Time): GET /
Sun Feb 19 2017 11:41:52 GMT+0000 (GMT Standard Time): GET /
Sun Feb 19 2017 11:41:59 GMT+0000 (GMT Standard Time): GET /service?postcode=W6
Sun Feb 19 2017 11:43:57 GMT+0000 (GMT Standard Time): GET /service?postcode=W6
Sun Feb 19 2017 11:43:58 GMT+0000 (GMT Standard Time): GET /service?postcode=W6
Sun Feb 19 2017 11:43:58 GMT+0000 (GMT Standard Time): GET /service?postcode=W6
Sun Feb 19 2017 11:43:59 GMT+0000 (GMT Standard Time): GET /service?postcode=W6
Sun Feb 19 2017 11:47:40 GMT+0000 (GMT Standard Time): GET /
Sun Feb 19 2017 11:47:41 GMT+0000 (GMT Standard Time): GET /
Sun Feb 19 2017 11:47:44 GMT+0000 (GMT Standard Time): GET /service?postcode=
Sun Feb 19 2017 11:47:48 GMT+0000 (GMT Standard Time): GET /service?postcode=+
Sun Feb 19 2017 11:47:57 GMT+0000 (GMT Standard Time): GET /service?postcode=W6+
Sun Feb 19 2017 11:48:04 GMT+0000 (GMT Standard Time): GET /service?postcode=W9+
Sun Feb 19 2017 12:03:16 GMT+0000 (GMT Standard Time): GET /service?postcode=W9+
Sun Feb 19 2017 12:03:17 GMT+0000 (GMT Standard Time): GET /service?postcode=W9+
Sun Feb 19 2017 12:03:23 GMT+0000 (GMT Standard Time): GET /about
Sun Feb 19 2017 12:03:27 GMT+0000 (GMT Standard Time): GET /pay
Sun Feb 19 2017 12:05:01 GMT+0000 (GMT Standard Time): GET /pay
Sun Feb 19 2017 12:05:20 GMT+0000 (GMT Standard Time): GET /pay
Sun Feb 19 2017 12:05:26 GMT+0000 (GMT Standard Time): GET /projects
Sun Feb 19 2017 12:05:27 GMT+0000 (GMT Standard Time): GET /projects
Sun Feb 19 2017 12:05:33 GMT+0000 (GMT Standard Time): GET /pay
Sun Feb 19 2017 12:07:57 GMT+0000 (GMT Standard Time): GET /
Sun Feb 19 2017 12:08:09 GMT+0000 (GMT Standard Time): GET /pay
Sun Feb 19 2017 12:11:13 GMT+0000 (GMT Standard Time): GET /
Sun Feb 19 2017 12:11:15 GMT+0000 (GMT Standard Time): GET /pay
Sun Feb 19 2017 12:12:00 GMT+0000 (GMT Standard Time): GET /pay
Sun Feb 19 2017 12:12:53 GMT+0000 (GMT Standard Time): GET /
Sun Feb 19 2017 12:12:55 GMT+0000 (GMT Standard Time): GET /about
Sun Feb 19 2017 12:12:56 GMT+0000 (GMT Standard Time): GET /pay
Sun Feb 19 2017 12:13:00 GMT+0000 (GMT Standard Time): GET /
Sun Feb 19 2017 12:13:03 GMT+0000 (GMT Standard Time): GET /service?postcode=erewrtewr
Sun Feb 19 2017 12:13:12 GMT+0000 (GMT Standard Time): GET /service?postcode=W6
Sun Feb 19 2017 12:13:18 GMT+0000 (GMT Standard Time): GET /service?postcode=W9
Sun Feb 19 2017 12:13:28 GMT+0000 (GMT Standard Time): GET /pay
Sun Feb 19 2017 12:13:53 GMT+0000 (GMT Standard Time): GET /
Sun Feb 19 2017 12:15:04 GMT+0000 (GMT Standard Time): GET /help
Sun Feb 19 2017 12:15:10 GMT+0000 (GMT Standard Time): GET /help.html
Sun Feb 19 2017 12:17:06 GMT+0000 (GMT Standard Time): GET /pay
Sun Feb 19 2017 12:17:59 GMT+0000 (GMT Standard Time): POST /processPayment
Sun Feb 19 2017 12:18:39 GMT+0000 (GMT Standard Time): POST /processPayment
Sun Feb 19 2017 12:41:13 GMT+0000 (GMT Standard Time): GET /pay
Sun Feb 19 2017 12:41:45 GMT+0000 (GMT Standard Time): POST /charge
Sun Feb 19 2017 12:44:12 GMT+0000 (GMT Standard Time): GET /pay
Sun Feb 19 2017 12:44:14 GMT+0000 (GMT Standard Time): GET /pay
Sun Feb 19 2017 12:45:03 GMT+0000 (GMT Standard Time): POST /charge
Sun Feb 19 2017 12:47:40 GMT+0000 (GMT Standard Time): POST /charge
Sun Feb 19 2017 12:48:08 GMT+0000 (GMT Standard Time): POST /charge
Sun Feb 19 2017 12:51:26 GMT+0000 (GMT Standard Time): POST /charge
Sun Feb 19 2017 12:52:03 GMT+0000 (GMT Standard Time): POST /charge
Sun Feb 19 2017 13:15:27 GMT+0000 (GMT Standard Time): GET /
Sun Feb 19 2017 13:15:28 GMT+0000 (GMT Standard Time): GET /about
Sun Feb 19 2017 13:15:34 GMT+0000 (GMT Standard Time): GET /
Sun Feb 19 2017 13:21:14 GMT+0000 (GMT Standard Time): GET /
Sun Feb 19 2017 13:21:16 GMT+0000 (GMT Standard Time): GET /
Sun Feb 19 2017 13:21:18 GMT+0000 (GMT Standard Time): GET /
Sun Feb 19 2017 13:21:19 GMT+0000 (GMT Standard Time): GET /
Sun Feb 19 2017 13:21:21 GMT+0000 (GMT Standard Time): GET /
Sun Feb 19 2017 13:21:22 GMT+0000 (GMT Standard Time): GET /about
Sun Feb 19 2017 13:21:30 GMT+0000 (GMT Standard Time): GET /
Sun Feb 19 2017 13:21:34 GMT+0000 (GMT Standard Time): GET /
Thu Feb 23 2017 20:11:30 GMT+0000 (GMT Standard Time): GET /
Thu Feb 23 2017 20:12:53 GMT+0000 (GMT Standard Time): GET /help.html
Thu Feb 23 2017 20:15:29 GMT+0000 (GMT Standard Time): GET /help.html
Thu Feb 23 2017 20:15:38 GMT+0000 (GMT Standard Time): GET /index.html
Thu Feb 23 2017 20:15:38 GMT+0000 (GMT Standard Time): GET /style.css
Thu Feb 23 2017 20:15:39 GMT+0000 (GMT Standard Time): GET /images/logo-dark5.png
Thu Feb 23 2017 20:15:39 GMT+0000 (GMT Standard Time): GET /images/favicon.png
Thu Feb 23 2017 20:15:39 GMT+0000 (GMT Standard Time): GET /images/banner.png
Thu Feb 23 2017 20:15:39 GMT+0000 (GMT Standard Time): GET /images/van.png
Thu Feb 23 2017 20:15:39 GMT+0000 (GMT Standard Time): GET /images/lemonade.png
Thu Feb 23 2017 20:15:39 GMT+0000 (GMT Standard Time): GET /images/2fold.png
Thu Feb 23 2017 20:15:39 GMT+0000 (GMT Standard Time): GET /images/unlocked.png
Thu Feb 23 2017 20:15:39 GMT+0000 (GMT Standard Time): GET /images/logo-footer.png
Thu Feb 23 2017 20:15:39 GMT+0000 (GMT Standard Time): GET /images/UK%20flag.png
Thu Feb 23 2017 20:15:39 GMT+0000 (GMT Standard Time): GET /images/credit-card-icons.png
Thu Feb 23 2017 20:15:39 GMT+0000 (GMT Standard Time): GET /images/favicon.png
Thu Feb 23 2017 20:15:48 GMT+0000 (GMT Standard Time): GET /index.html?
Thu Feb 23 2017 20:15:48 GMT+0000 (GMT Standard Time): GET /style.css
Thu Feb 23 2017 20:15:48 GMT+0000 (GMT Standard Time): GET /images/logo-dark5.png
Thu Feb 23 2017 20:15:48 GMT+0000 (GMT Standard Time): GET /images/favicon.png
Thu Feb 23 2017 20:15:48 GMT+0000 (GMT Standard Time): GET /images/banner.png
Thu Feb 23 2017 20:15:48 GMT+0000 (GMT Standard Time): GET /images/2fold.png
Thu Feb 23 2017 20:15:48 GMT+0000 (GMT Standard Time): GET /images/van.png
Thu Feb 23 2017 20:15:48 GMT+0000 (GMT Standard Time): GET /images/lemonade.png
Thu Feb 23 2017 20:15:48 GMT+0000 (GMT Standard Time): GET /images/unlocked.png
Thu Feb 23 2017 20:15:48 GMT+0000 (GMT Standard Time): GET /images/logo-footer.png
Thu Feb 23 2017 20:15:48 GMT+0000 (GMT Standard Time): GET /images/UK%20flag.png
Thu Feb 23 2017 20:15:48 GMT+0000 (GMT Standard Time): GET /images/credit-card-icons.png
Thu Feb 23 2017 20:16:05 GMT+0000 (GMT Standard Time): GET /index.html
Thu Feb 23 2017 20:16:05 GMT+0000 (GMT Standard Time): GET /style.css
Thu Feb 23 2017 20:16:05 GMT+0000 (GMT Standard Time): GET /images/logo-dark5.png
Thu Feb 23 2017 20:16:05 GMT+0000 (GMT Standard Time): GET /images/favicon.png
Thu Feb 23 2017 20:16:05 GMT+0000 (GMT Standard Time): GET /images/banner.png
Thu Feb 23 2017 20:16:05 GMT+0000 (GMT Standard Time): GET /images/2fold.png
Thu Feb 23 2017 20:16:05 GMT+0000 (GMT Standard Time): GET /images/van.png
Thu Feb 23 2017 20:16:05 GMT+0000 (GMT Standard Time): GET /images/lemonade.png
Thu Feb 23 2017 20:16:05 GMT+0000 (GMT Standard Time): GET /images/unlocked.png
Thu Feb 23 2017 20:16:05 GMT+0000 (GMT Standard Time): GET /images/logo-footer.png
Thu Feb 23 2017 20:16:05 GMT+0000 (GMT Standard Time): GET /images/UK%20flag.png
Thu Feb 23 2017 20:16:05 GMT+0000 (GMT Standard Time): GET /images/credit-card-icons.png
Thu Feb 23 2017 20:16:09 GMT+0000 (GMT Standard Time): GET /index.html?
Thu Feb 23 2017 20:16:09 GMT+0000 (GMT Standard Time): GET /style.css
Thu Feb 23 2017 20:16:09 GMT+0000 (GMT Standard Time): GET /images/logo-dark5.png
Thu Feb 23 2017 20:16:09 GMT+0000 (GMT Standard Time): GET /images/favicon.png
Thu Feb 23 2017 20:16:09 GMT+0000 (GMT Standard Time): GET /images/banner.png
Thu Feb 23 2017 20:16:09 GMT+0000 (GMT Standard Time): GET /images/2fold.png
Thu Feb 23 2017 20:16:09 GMT+0000 (GMT Standard Time): GET /images/van.png
Thu Feb 23 2017 20:16:09 GMT+0000 (GMT Standard Time): GET /images/lemonade.png
Thu Feb 23 2017 20:16:09 GMT+0000 (GMT Standard Time): GET /images/unlocked.png
Thu Feb 23 2017 20:16:09 GMT+0000 (GMT Standard Time): GET /images/logo-footer.png
Thu Feb 23 2017 20:16:09 GMT+0000 (GMT Standard Time): GET /images/UK%20flag.png
Thu Feb 23 2017 20:16:09 GMT+0000 (GMT Standard Time): GET /images/credit-card-icons.png
Thu Feb 23 2017 20:16:09 GMT+0000 (GMT Standard Time): GET /images/favicon.png
